
Echoing the command-line:

../example/NLPWBCounterExample/NLPWBCounterExample.exe --echo-command-line --help 

Usage: ../example/NLPWBCounterExample/NLPWBCounterExample.exe [options]
  options:
  --help                          Prints this help message
  --pause-for-debugging           Pauses for user input to allow attaching a debugger
  --echo-command-line             Echo the command-line but continue as normal
  --moocho-options-file   string  Set the name of the MOOCHO options file in the OptionsFromStream format.  File is ignored if it does not exist!
                                  (default: --moocho-options-file="Moocho.opt")
  --moocho-extra-options  string  Extra MOOCHO options specified in the format "OptGrp1{name1=val1,...,namen=valn}:OptGr2{name1=val1,...,namen=valn}:..."
                                  (default: --moocho-extra-options="")
  --x1-init               double  Initail guess for x(1)
                                  (default: --x1-init=0)
  --x2-init               double  Initail guess for x(2)
                                  (default: --x2-init=0)
  --x3-init               double  Initail guess for x(3)
                                  (default: --x3-init=0)
  --a                     double  Constant for c(1)
                                  (default: --a=0)
  --b                     double  Constant for c(2)
                                  (default: --b=1)
  --nlp-selects-basis     bool    Determine if NLP will select basis
  --no-nlp-selects-basis          (default: --nlp-selects-basis)
  --linear-obj            bool    Determine if objective is linear
  --nonlinear-obj                 (default: --linear-obj)
