Teuchos::GlobalMPISession::GlobalMPISession(): started serial run

Echoing the command-line:

../thyra/example/NLPThyraEpetraModelEval4DOpt/NLPThyraEpetraModelEval4DOpt.exe --echo-command-line --help 

Usage: ../thyra/example/NLPThyraEpetraModelEval4DOpt/NLPThyraEpetraModelEval4DOpt.exe [options]
  options:
  --help                                    Prints this help message
  --pause-for-debugging                     Pauses for user input to allow attaching a debugger
  --echo-command-line                       Echo the command-line but continue as normal
  --linear-solver-params-file       string  Name of an XML file containing parameters for linear solver options to be appended first.
                                            (default: --linear-solver-params-file="")
  --extra-linear-solver-params      string  An XML string containing linear solver parameters to be appended second.
                                            (default: --extra-linear-solver-params="")
  --linear-solver-params-used-file  string  Name of an XML file that can be written with the parameter list after it has been used on completion of this program.
                                            (default: --linear-solver-params-used-file="")
  --moocho-options-file             string  Set the name of the MOOCHO options file in the OptionsFromStream format.  File is ignored if it does not exist!
                                            (default: --moocho-options-file="Moocho.opt")
  --moocho-extra-options            string  Extra MOOCHO options specified in the format "OptGrp1{name1=val1,...,namen=valn}:OptGr2{name1=val1,...,namen=valn}:..."
                                            (default: --moocho-extra-options="")
  --moocho-thyra-params-file        string  Name of an XML file containing parameters for linear solver options to be appended first.
                                            (default: --moocho-thyra-params-file="")
  --extra-moocho-thyra-params       string  An XML string containing linear solver parameters to be appended second.
                                            (default: --extra-moocho-thyra-params="")
  --moocho-thyra-params-used-file   string  Name of an XML file that can be written with the parameter list after it has been used on completion of this program.
                                            (default: --moocho-thyra-params-used-file="")
  --xt0                             double  No documentation
                                            (default: --xt0=1)
  --xt1                             double  No documentation
                                            (default: --xt1=1)
  --pt0                             double  No documentation
                                            (default: --pt0=2)
  --pt1                             double  No documentation
                                            (default: --pt1=0)
  --d                               double  No documentation
                                            (default: --d=10)
  --x00                             double  No documentation
                                            (default: --x00=1)
  --x01                             double  No documentation
                                            (default: --x01=1)
  --p00                             double  No documentation
                                            (default: --p00=2)
  --p01                             double  No documentation
                                            (default: --p01=0)
  --pL0                             double  No documentation
                                            (default: --pL0=-1e+50)
  --pL1                             double  No documentation
                                            (default: --pL1=-1e+50)
  --pU0                             double  No documentation
                                            (default: --pU0=1e+50)
  --pU1                             double  No documentation
                                            (default: --pU1=1e+50)
  --xL0                             double  No documentation
                                            (default: --xL0=-1e+50)
  --xL1                             double  No documentation
                                            (default: --xL1=-1e+50)
  --xU0                             double  No documentation
                                            (default: --xU0=1e+50)
  --xU1                             double  No documentation
                                            (default: --xU1=1e+50)
  --support-derivs                  bool    No documentation
  --no-support-derivs                       (default: --support-derivs)
