  Forward Newton Dampening : bool = 1
  Forward Newton Max Iters : int = 20
  Forward Newton Max Line Search Iters : int = 20
  Forward Newton Tolerance : double = -1
  NLP Type : string = First Order
  Nonlinearly Eliminate States : bool = 0
  Output File Tag : string = 
  Parameters Solution File Base Name : string = 
  Show Model Evaluator Trace : bool = 1
  Solve Mode : string = Optimize
  State Solution File Base Name : string = 
  Use Built-in Inverse Objective Function : bool = 0
  Use Finite Differences For Constraints : bool = 0
  Use Finite Differences For Objective : bool = 0
  Use Parameter Lumping : bool = 0
  Constraints Finite Difference Settings -> 
   FD Method : string = order-one
   FD Step Length : double = -1
   FD Step Select Type : string = Absolute
   VerboseObject -> 
    Output File : string = none
    Verbosity Level : string = default
  Inverse Objective Function Settings -> 
   Local Verbosity Level : string = default
   Observation Index : int = -1
   Observation Multiplier : double = 1
   Observation Pass Through : bool = 0
   Observation Target as Parameter : bool = 0
   Parameter Multiplier : double = 1e-06
   Parameter Subvector Index : int = 0
   Observation Target Vector -> 
    Add Scalar : double = 0
    Explicit Array : string = {}
    File Name Base : string = 
    Scale By : double = 1
   Parameter Base Vector -> 
    Add Scalar : double = 0
    Explicit Array : string = {}
    File Name Base : string = 
    Scale By : double = 1
   VerboseObject -> 
    Output File : string = none
    Verbosity Level : string = default
  Lumped Parameters Settings -> 
   Auto-generate Basis Matrix : bool = 1
   Dump Basis Matrix : bool = 0
   Ignore Parameter Bounds : bool = 0
   Local Verbosity Level : string = default
   Nominal Value is Parameter Base : bool = 1
   Number of Basis Columns : int = 1
   Parameter Subvector Index : int = 0
   VerboseObject -> 
    Output File : string = none
    Verbosity Level : string = default
  Objective Finite Difference Settings -> 
   FD Method : string = order-one
   FD Step Length : double = -1
   FD Step Select Type : string = Absolute
   VerboseObject -> 
    Output File : string = none
    Verbosity Level : string = default
  Parameter Guess -> 
   Add Scalar : double = 0
   Explicit Array : string = {}
   File Name Base : string = 
   Scale By : double = 1
  Parameter Lower Bounds -> 
   Add Scalar : double = 0
   Explicit Array : string = {}
   File Name Base : string = 
   Scale By : double = 1
  Parameter Upper Bounds -> 
   Add Scalar : double = 0
   Explicit Array : string = {}
   File Name Base : string = 
   Scale By : double = 1
  State Guess -> 
   Add Scalar : double = 0
   Explicit Array : string = {}
   File Name Base : string = 
   Scale By : double = 1
